Started debug_script.py (PID: 11791)
Started ngrok (PID: 11792)
2025-05-03 21:32:35,782:INFO:Debug Server Script listening on 0.0.0.0:50122
Started debug_script.py (PID: 12184)
Started ngrok (PID: 12185)
2025-05-03 21:37:48,163:INFO:Debug Server Script listening on 0.0.0.0:50122
2025-05-03 21:40:16,158:INFO:Connected by ('127.0.0.1', 56688)
2025-05-03 21:40:16,362:INFO:IMEI received: 350317177312182
2025-05-03 21:40:19,441:INFO:Zero byte 0
2025-05-03 21:40:19,441:INFO:data_length:1173
2025-05-03 21:40:19,442:INFO:Parsing 4608 records for IMEI: 350317177312182
2025-05-03 21:40:22,874:ERROR:Error handling client: unpack requires a buffer of 2 bytes
2025-05-03 21:40:25,284:INFO:Connected by ('127.0.0.1', 37084)
2025-05-03 21:40:25,284:INFO:IMEI received: 350317177312182
2025-05-03 21:40:29,690:INFO:Zero byte 0
2025-05-03 21:40:29,690:INFO:data_length:1173
2025-05-03 21:40:29,690:INFO:Parsing 4608 records for IMEI: 350317177312182
2025-05-03 21:40:33,142:ERROR:Error handling client: unpack requires a buffer of 2 bytes
2025-05-03 21:40:35,174:INFO:Connected by ('127.0.0.1', 56820)
2025-05-03 21:40:35,174:INFO:IMEI received: 350317177312182
2025-05-03 21:40:37,763:INFO:Zero byte 0
2025-05-03 21:40:37,764:INFO:data_length:1173
2025-05-03 21:40:37,764:INFO:Parsing 4608 records for IMEI: 350317177312182
2025-05-03 21:40:41,303:ERROR:Error handling client: unpack requires a buffer of 2 bytes
2025-05-03 21:40:43,014:INFO:Connected by ('127.0.0.1', 57200)
2025-05-03 21:40:43,014:INFO:IMEI received: 350317177312182
2025-05-03 21:40:45,576:INFO:Zero byte 0
2025-05-03 21:40:45,577:INFO:data_length:1173
2025-05-03 21:40:45,577:INFO:Parsing 4608 records for IMEI: 350317177312182
2025-05-03 21:40:49,026:ERROR:Error handling client: unpack requires a buffer of 2 bytes
Started debug_script.py (PID: 53176)
New ngrok URL: tcp://2.tcp.eu.ngrok.io:12006
Started ngrok (PID: 53177)
2025-05-05 15:28:54,539:INFO:Debug Server Script listening on 0.0.0.0:50122
Started debug_script.py (PID: 15898)
New ngrok URL: tcp://5.tcp.eu.ngrok.io:19896
Started ngrok (PID: 15899)
2025-05-05 22:18:06,983:INFO:Debug Server Script listening on 0.0.0.0:50122
Extracted ngrok URL: tcp://6.tcp.eu.ngrok.io:18722 (Hostname: 6.tcp.eu.ngrok.io, Port: 18722)
200curl request failed with HTTP code  (Response: )
Extracted ngrok URL: tcp://6.tcp.eu.ngrok.io:18722 (Hostname: 6.tcp.eu.ngrok.io, Port: 18722)
200curl request failed with HTTP code  (Response: )
Extracted ngrok URL: tcp://6.tcp.eu.ngrok.io:18722 (Hostname: 6.tcp.eu.ngrok.io, Port: 18722)
200curl request failed with HTTP code  (Response: )
Extracted ngrok URL: tcp://6.tcp.eu.ngrok.io:18722 (Hostname: 6.tcp.eu.ngrok.io, Port: 18722)
200curl request failed with HTTP code  (Response: )
Started debug_script.py (PID: 17835)
New ngrok URL: tcp://6.tcp.eu.ngrok.io:18722
Started ngrok (PID: 17836)
2025-05-05 22:31:07,352:INFO:Debug Server Script listening on 0.0.0.0:50122
Extracted ngrok URL: tcp://0.tcp.eu.ngrok.io:17077 (Hostname: 0.tcp.eu.ngrok.io, Port: 17077)
Successfully sent ngrok URL to FMB920 (ICCID: 8944538532057627725, Response: 200)
Extracted ngrok URL: tcp://0.tcp.eu.ngrok.io:17077 (Hostname: 0.tcp.eu.ngrok.io, Port: 17077)
Successfully sent ngrok URL to FMB920 (ICCID: 8944538532057627725, Response: 200)
Extracted ngrok URL: tcp://0.tcp.eu.ngrok.io:17077 (Hostname: 0.tcp.eu.ngrok.io, Port: 17077)
Successfully sent ngrok URL to FMB920 (ICCID: 8944538532057627725, Response: 200)
Extracted ngrok URL: tcp://0.tcp.eu.ngrok.io:17077 (Hostname: 0.tcp.eu.ngrok.io, Port: 17077)
Successfully sent ngrok URL to FMB920 (ICCID: 8944538532057627725, Response: 200)
Extracted ngrok URL: tcp://0.tcp.eu.ngrok.io:17077 (Hostname: 0.tcp.eu.ngrok.io, Port: 17077)
Successfully sent ngrok URL to FMB920 (ICCID: 8944538532057627725, Response: 200)
Extracted ngrok URL: tcp://0.tcp.eu.ngrok.io:17077 (Hostname: 0.tcp.eu.ngrok.io, Port: 17077)
Successfully sent ngrok URL to FMB920 (ICCID: 8944538532057627725, Response: 200)
Extracted ngrok URL: tcp://0.tcp.eu.ngrok.io:17077 (Hostname: 0.tcp.eu.ngrok.io, Port: 17077)
Successfully sent ngrok URL to FMB920 (ICCID: 8944538532057627725, Response: 200)
Extracted ngrok URL: tcp://0.tcp.eu.ngrok.io:17077 (Hostname: 0.tcp.eu.ngrok.io, Port: 17077)
Successfully sent ngrok URL to FMB920 (ICCID: 8944538532057627725, Response: 200)
