2025-05-21 12:16:15 Extracted Token: 
----------------------------


2025-05-21 12:17:43 Extracted Token: eyJhbGciOiJIUzUxMiIsInR5cCI6IkpXVCJ9.eyJ1bmlxdWVfbmFtZSI6Im1oYWR5Lml0bWFuQHNhdGdyb\
3VwZS5jb20iLCJuYW1laWQiOiI3N2JiMmE5My00MWY4LTQ2YWYtYTZhYi02YTM0ZDk1ZDVkZTgiLCJlbWFpbCI6Im1o\
YWR5Lml0bWFuQHNhdGdyb3VwZS5jb20iLCJQYXJ0bmVySWQiOiIyNiIsIkRlZmF1bHRQYXJ0bmVySWQiOiIyNiIsIm5i\
ZiI6MTc0NjQ1NjUwMSwiZXhwIjoxNzQ3NDkzMzAxLCJpYXQiOjE3NDY0NTY1MDF9.\
-_gf1OHsGVE5j7MhTcJk_XwIEDiAhlXueen-tJmflm9H-ghPcbJFkUk2i4BVr1HjPi-8afe5GcyW5cpdTtv3vg
2025-05-21 12:17:44 SMS () Response: 000, sms_state: )
2025-05-21 12:19:12 Extracted Token: eyJhbGciOiJIUzUxMiIsInR5cCI6IkpXVCJ9.eyJ1bmlxdWVfbmFtZSI6Im1oYWR5Lml0bWFuQHNhdGdyb\
3VwZS5jb20iLCJuYW1laWQiOiI3N2JiMmE5My00MWY4LTQ2YWYtYTZhYi02YTM0ZDk1ZDVkZTgiLCJlbWFpbCI6Im1o\
YWR5Lml0bWFuQHNhdGdyb3VwZS5jb20iLCJQYXJ0bmVySWQiOiIyNiIsIkRlZmF1bHRQYXJ0bmVySWQiOiIyNiIsIm5i\
ZiI6MTc0NjQ1NjUwMSwiZXhwIjoxNzQ3NDkzMzAxLCJpYXQiOjE3NDY0NTY1MDF9.\
-_gf1OHsGVE5j7MhTcJk_XwIEDiAhlXueen-tJmflm9H-ghPcbJFkUk2i4BVr1HjPi-8afe5GcyW5cpdTtv3vg
2025-05-21 12:19:17 SMS () Response: 000, sms_state: )


2025-05-21 12:22:38 SMS () Response: , sms_state: )
2025-05-21 12:23:02 SMS () Response: 000, sms_state: )
2025-05-21 12:29:01 Extracted Token: eyJhbGciOiJIUzUxMiIsInR5cCI6IkpXVCJ9.eyJ1bmlxdWVfbmFtZSI6Im1oYWR5Lml0bWFuQHNhdGdyb\
3VwZS5jb20iLCJuYW1laWQiOiI3N2JiMmE5My00MWY4LTQ2YWYtYTZhYi02YTM0ZDk1ZDVkZTgiLCJlbWFpbCI6Im1o\
YWR5Lml0bWFuQHNhdGdyb3VwZS5jb20iLCJQYXJ0bmVySWQiOiIyNiIsIkRlZmF1bHRQYXJ0bmVySWQiOiIyNiIsIm5i\
ZiI6MTc0NjQ1NjUwMSwiZXhwIjoxNzQ3NDkzMzAxLCJpYXQiOjE3NDY0NTY1MDF9.\
-_gf1OHsGVE5j7MhTcJk_XwIEDiAhlXueen-tJmflm9H-ghPcbJFkUk2i4BVr1HjPi-8afe5GcyW5cpdTtv3vg
2025-05-21 12:29:01 SMS () Response: 000, sms_state: 
2025-05-21 12:29:01 SMS () Response: 000, sms_state: 
2025-05-21 12:34:16 Extracted Token: eyJhbGciOiJIUzUxMiIsInR5cCI6IkpXVCJ9.eyJ1bmlxdWVfbmFtZSI6Im1oYWR5Lml0bWFuQHNhdGdyb\
3VwZS5jb20iLCJuYW1laWQiOiI3N2JiMmE5My00MWY4LTQ2YWYtYTZhYi02YTM0ZDk1ZDVkZTgiLCJlbWFpbCI6Im1o\
YWR5Lml0bWFuQHNhdGdyb3VwZS5jb20iLCJQYXJ0bmVySWQiOiIyNiIsIkRlZmF1bHRQYXJ0bmVySWQiOiIyNiIsIm5i\
ZiI6MTc0NjQ1NjUwMSwiZXhwIjoxNzQ3NDkzMzAxLCJpYXQiOjE3NDY0NTY1MDF9.\
-_gf1OHsGVE5j7MhTcJk_XwIEDiAhlXueen-tJmflm9H-ghPcbJFkUk2i4BVr1HjPi-8afe5GcyW5cpdTtv3vg
2025-05-21 12:42:12 Extracted Token: eyJhbGciOiJIUzUxMiIsInR5cCI6IkpXVCJ9.eyJ1bmlxdWVfbmFtZSI6Im1oYWR5Lml0bWFuQHNhdGdyb\
3VwZS5jb20iLCJuYW1laWQiOiI3N2JiMmE5My00MWY4LTQ2YWYtYTZhYi02YTM0ZDk1ZDVkZTgiLCJlbWFpbCI6Im1o\
YWR5Lml0bWFuQHNhdGdyb3VwZS5jb20iLCJQYXJ0bmVySWQiOiIyNiIsIkRlZmF1bHRQYXJ0bmVySWQiOiIyNiIsIm5i\
ZiI6MTc0NjQ1NjUwMSwiZXhwIjoxNzQ3NDkzMzAxLCJpYXQiOjE3NDY0NTY1MDF9.\
-_gf1OHsGVE5j7MhTcJk_XwIEDiAhlXueen-tJmflm9H-ghPcbJFkUk2i4BVr1HjPi-8afe5GcyW5cpdTtv3vg
