2025-05-21 13:05:59 Extracted Token: eyJhbGciOiJIUzUxMiIsInR5cCI6IkpXVCJ9.eyJ1bmlxdWVfbmFtZSI6Im1oYWR5Lml0bWFuQHNhdGdyb\
3VwZS5jb20iLCJuYW1laWQiOiI3N2JiMmE5My00MWY4LTQ2YWYtYTZhYi02YTM0ZDk1ZDVkZTgiLCJlbWFpbCI6Im1o\
YWR5Lml0bWFuQHNhdGdyb3VwZS5jb20iLCJQYXJ0bmVySWQiOiIyNiIsIkRlZmF1bHRQYXJ0bmVySWQiOiIyNiIsIm5i\
ZiI6MTc0NjQ1NjUwMSwiZXhwIjoxNzQ3NDkzMzAxLCJpYXQiOjE3NDY0NTY1MDF9.\
-_gf1OHsGVE5j7MhTcJk_XwIEDiAhlXueen-tJmflm9H-ghPcbJFkUk2i4BVr1HjPi-8afe5GcyW5cpdTtv3vg
2025-05-21 13:08:12 SMS ( 0224 setparam) Response: 000, sms_state: )
2025-05-21 13:09:40 Extracted Token: eyJhbGciOiJIUzUxMiIsInR5cCI6IkpXVCJ9.eyJ1bmlxdWVfbmFtZSI6Im1oYWR5Lml0bWFuQHNhdGdyb\
3VwZS5jb20iLCJuYW1laWQiOiI3N2JiMmE5My00MWY4LTQ2YWYtYTZhYi02YTM0ZDk1ZDVkZTgiLCJlbWFpbCI6Im1o\
YWR5Lml0bWFuQHNhdGdyb3VwZS5jb20iLCJQYXJ0bmVySWQiOiIyNiIsIkRlZmF1bHRQYXJ0bmVySWQiOiIyNiIsIm5i\
ZiI6MTc0NjQ1NjUwMSwiZXhwIjoxNzQ3NDkzMzAxLCJpYXQiOjE3NDY0NTY1MDF9.\
-_gf1OHsGVE5j7MhTcJk_XwIEDiAhlXueen-tJmflm9H-ghPcbJFkUk2i4BVr1HjPi-8afe5GcyW5cpdTtv3vg
2025-05-21 13:09:40 SMS ( 0224 setparam) Response: 301, sms_state: )
2025-05-21 13:12:05 Extracted Token: eyJhbGciOiJIUzUxMiIsInR5cCI6IkpXVCJ9.eyJ1bmlxdWVfbmFtZSI6Im1oYWR5Lml0bWFuQHNhdGdyb\
3VwZS5jb20iLCJuYW1laWQiOiI3N2JiMmE5My00MWY4LTQ2YWYtYTZhYi02YTM0ZDk1ZDVkZTgiLCJlbWFpbCI6Im1o\
YWR5Lml0bWFuQHNhdGdyb3VwZS5jb20iLCJQYXJ0bmVySWQiOiIyNiIsIkRlZmF1bHRQYXJ0bmVySWQiOiIyNiIsIm5i\
ZiI6MTc0NjQ1NjUwMSwiZXhwIjoxNzQ3NDkzMzAxLCJpYXQiOjE3NDY0NTY1MDF9.\
-_gf1OHsGVE5j7MhTcJk_XwIEDiAhlXueen-tJmflm9H-ghPcbJFkUk2i4BVr1HjPi-8afe5GcyW5cpdTtv3vg
2025-05-21 13:12:05 SMS ( 0224 setparam) Response: 301, sms_state: )
2025-05-21 13:12:05 user authentication lunched
2025-05-21 13:12:06 user authenticated successfully!
2025-05-21 13:13:28 Extracted Token: eyJhbGciOiJIUzUxMiIsInR5cCI6IkpXVCJ9.eyJ1bmlxdWVfbmFtZSI6Im1oYWR5Lml0bWFuQHNhdGdyb\
3VwZS5jb20iLCJuYW1laWQiOiI3N2JiMmE5My00MWY4LTQ2YWYtYTZhYi02YTM0ZDk1ZDVkZTgiLCJlbWFpbCI6Im1o\
YWR5Lml0bWFuQHNhdGdyb3VwZS5jb20iLCJQYXJ0bmVySWQiOiIyNiIsIkRlZmF1bHRQYXJ0bmVySWQiOiIyNiIsIm5i\
ZiI6MTc0NjQ1NjUwMSwiZXhwIjoxNzQ3NDkzMzAxLCJpYXQiOjE3NDY0NTY1MDF9.\
-_gf1OHsGVE5j7MhTcJk_XwIEDiAhlXueen-tJmflm9H-ghPcbJFkUk2i4BVr1HjPi-8afe5GcyW5cpdTtv3vgeyJhbGciOiJIUzUxMiIsInR5cCI6IkpXVCJ9.eyJ1bmlxdWVfbmFtZSI6Im1oYWR5Lml0bWFuQHNhdGdyb3VwZS5jb20iLCJuYW1laWQiOiI3N2JiMmE5My00MWY4LTQ2YWYtYTZhYi02YTM0ZDk1ZDVkZTgiLCJlbWFpbCI6Im1oYWR5Lml0bWFuQHNhdGdyb3VwZS5jb20iLCJQYXJ0bmVySWQiOiIyNiIsIkRlZmF1bHRQYXJ0bmVySWQiOiIyNiIsIm5iZiI6MTc0NzY3NDM2OSwiZXhwIjoxNzQ4NzExMTY5LCJpYXQiOjE3NDc2NzQzNjl9.xzeS0rlebubn6SmygdZoKz33mxca177NSSd7eRz3zsBmucn1TRuwUXZG9Ah7tZOD5txq_ZSRmccGPRlh4-jNww
2025-05-21 13:13:29 SMS ( 0224 setparam) Response: 301, sms_state: )
2025-05-21 13:13:29 user authentication lunched 
2025-05-21 13:13:31 user authenticated successfully!
2025-05-21 13:15:46 Extracted Token: eyJhbGciOiJIUzUxMiIsInR5cCI6IkpXVCJ9.eyJ1bmlxdWVfbmFtZSI6Im1oYWR5Lml0bWFuQHNhdGdyb\
3VwZS5jb20iLCJuYW1laWQiOiI3N2JiMmE5My00MWY4LTQ2YWYtYTZhYi02YTM0ZDk1ZDVkZTgiLCJlbWFpbCI6Im1o\
YWR5Lml0bWFuQHNhdGdyb3VwZS5jb20iLCJQYXJ0bmVySWQiOiIyNiIsIkRlZmF1bHRQYXJ0bmVySWQiOiIyNiIsIm5i\
ZiI6MTc0NjQ1NjUwMSwiZXhwIjoxNzQ3NDkzMzAxLCJpYXQiOjE3NDY0NTY1MDF9.\
-_gf1OHsGVE5j7MhTcJk_XwIEDiAhlXueen-tJmflm9H-ghPcbJFkUk2i4BVr1HjPi-8afe5GcyW5cpdTtv3vgeyJhbGciOiJIUzUxMiIsInR5cCI6IkpXVCJ9.eyJ1bmlxdWVfbmFtZSI6Im1oYWR5Lml0bWFuQHNhdGdyb3VwZS5jb20iLCJuYW1laWQiOiI3N2JiMmE5My00MWY4LTQ2YWYtYTZhYi02YTM0ZDk1ZDVkZTgiLCJlbWFpbCI6Im1oYWR5Lml0bWFuQHNhdGdyb3VwZS5jb20iLCJQYXJ0bmVySWQiOiIyNiIsIkRlZmF1bHRQYXJ0bmVySWQiOiIyNiIsIm5iZiI6MTc0NzY3NDM2OSwiZXhwIjoxNzQ4NzExMTY5LCJpYXQiOjE3NDc2NzQzNjl9.xzeS0rlebubn6SmygdZoKz33mxca177NSSd7eRz3zsBmucn1TRuwUXZG9Ah7tZOD5txq_ZSRmccGPRlh4-jNww
eyJhbGciOiJIUzUxMiIsInR5cCI6IkpXVCJ9.eyJ1bmlxdWVfbmFtZSI6Im1oYWR5Lml0bWFuQHNhdGdyb3VwZS5jb20iLCJuYW1laWQiOiI3N2JiMmE5My00MWY4LTQ2YWYtYTZhYi02YTM0ZDk1ZDVkZTgiLCJlbWFpbCI6Im1oYWR5Lml0bWFuQHNhdGdyb3VwZS5jb20iLCJQYXJ0bmVySWQiOiIyNiIsIkRlZmF1bHRQYXJ0bmVySWQiOiIyNiIsIm5iZiI6MTc0NzY3NDM2OSwiZXhwIjoxNzQ4NzExMTY5LCJpYXQiOjE3NDc2NzQzNjl9.xzeS0rlebubn6SmygdZoKz33mxca177NSSd7eRz3zsBmucn1TRuwUXZG9Ah7tZOD5txq_ZSRmccGPRlh4-jNww
2025-05-21 13:15:57 SMS ( 0224 setparam) Response: 301, sms_state: )
2025-05-21 13:15:57 user authentication lunched /home/mhady/fmb-control-app
2025-05-21 13:15:58 user authentication failed!

----------------------------


2025-05-21 13:17:06 Extracted Token: eyJhbGciOiJIUzUxMiIsInR5cCI6IkpXVCJ9.eyJ1bmlxdWVfbmFtZSI6Im1oYWR5Lml0bWFuQHNhdGdyb\
3VwZS5jb20iLCJuYW1laWQiOiI3N2JiMmE5My00MWY4LTQ2YWYtYTZhYi02YTM0ZDk1ZDVkZTgiLCJlbWFpbCI6Im1o\
YWR5Lml0bWFuQHNhdGdyb3VwZS5jb20iLCJQYXJ0bmVySWQiOiIyNiIsIkRlZmF1bHRQYXJ0bmVySWQiOiIyNiIsIm5i\
ZiI6MTc0NjQ1NjUwMSwiZXhwIjoxNzQ3NDkzMzAxLCJpYXQiOjE3NDY0NTY1MDF9.\
-_gf1OHsGVE5j7MhTcJk_XwIEDiAhlXueen-tJmflm9H-ghPcbJFkUk2i4BVr1HjPi-8afe5GcyW5cpdTtv3vgeyJhbGciOiJIUzUxMiIsInR5cCI6IkpXVCJ9.eyJ1bmlxdWVfbmFtZSI6Im1oYWR5Lml0bWFuQHNhdGdyb3VwZS5jb20iLCJuYW1laWQiOiI3N2JiMmE5My00MWY4LTQ2YWYtYTZhYi02YTM0ZDk1ZDVkZTgiLCJlbWFpbCI6Im1oYWR5Lml0bWFuQHNhdGdyb3VwZS5jb20iLCJQYXJ0bmVySWQiOiIyNiIsIkRlZmF1bHRQYXJ0bmVySWQiOiIyNiIsIm5iZiI6MTc0NzY3NDM2OSwiZXhwIjoxNzQ4NzExMTY5LCJpYXQiOjE3NDc2NzQzNjl9.xzeS0rlebubn6SmygdZoKz33mxca177NSSd7eRz3zsBmucn1TRuwUXZG9Ah7tZOD5txq_ZSRmccGPRlh4-jNww
eyJhbGciOiJIUzUxMiIsInR5cCI6IkpXVCJ9.eyJ1bmlxdWVfbmFtZSI6Im1oYWR5Lml0bWFuQHNhdGdyb3VwZS5jb20iLCJuYW1laWQiOiI3N2JiMmE5My00MWY4LTQ2YWYtYTZhYi02YTM0ZDk1ZDVkZTgiLCJlbWFpbCI6Im1oYWR5Lml0bWFuQHNhdGdyb3VwZS5jb20iLCJQYXJ0bmVySWQiOiIyNiIsIkRlZmF1bHRQYXJ0bmVySWQiOiIyNiIsIm5iZiI6MTc0NzY3NDM2OSwiZXhwIjoxNzQ4NzExMTY5LCJpYXQiOjE3NDc2NzQzNjl9.xzeS0rlebubn6SmygdZoKz33mxca177NSSd7eRz3zsBmucn1TRuwUXZG9Ah7tZOD5txq_ZSRmccGPRlh4-jNww
2025-05-21 13:17:06 SMS ( 0224 setparam) Response: 301, sms_state: )
2025-05-21 13:17:06 user authentication lunched /home/mhady/fmb-control-app
2025-05-21 13:17:07 user authentication failed!
2025-05-21 13:18:51 Extracted Token: eyJhbGciOiJIUzUxMiIsInR5cCI6IkpXVCJ9.eyJ1bmlxdWVfbmFtZSI6Im1oYWR5Lml0bWFuQHNhdGdyb\
3VwZS5jb20iLCJuYW1laWQiOiI3N2JiMmE5My00MWY4LTQ2YWYtYTZhYi02YTM0ZDk1ZDVkZTgiLCJlbWFpbCI6Im1o\
YWR5Lml0bWFuQHNhdGdyb3VwZS5jb20iLCJQYXJ0bmVySWQiOiIyNiIsIkRlZmF1bHRQYXJ0bmVySWQiOiIyNiIsIm5i\
ZiI6MTc0NjQ1NjUwMSwiZXhwIjoxNzQ3NDkzMzAxLCJpYXQiOjE3NDY0NTY1MDF9.\
-_gf1OHsGVE5j7MhTcJk_XwIEDiAhlXueen-tJmflm9H-ghPcbJFkUk2i4BVr1HjPi-8afe5GcyW5cpdTtv3vgeyJhbGciOiJIUzUxMiIsInR5cCI6IkpXVCJ9.eyJ1bmlxdWVfbmFtZSI6Im1oYWR5Lml0bWFuQHNhdGdyb3VwZS5jb20iLCJuYW1laWQiOiI3N2JiMmE5My00MWY4LTQ2YWYtYTZhYi02YTM0ZDk1ZDVkZTgiLCJlbWFpbCI6Im1oYWR5Lml0bWFuQHNhdGdyb3VwZS5jb20iLCJQYXJ0bmVySWQiOiIyNiIsIkRlZmF1bHRQYXJ0bmVySWQiOiIyNiIsIm5iZiI6MTc0NzY3NDM2OSwiZXhwIjoxNzQ4NzExMTY5LCJpYXQiOjE3NDc2NzQzNjl9.xzeS0rlebubn6SmygdZoKz33mxca177NSSd7eRz3zsBmucn1TRuwUXZG9Ah7tZOD5txq_ZSRmccGPRlh4-jNww
eyJhbGciOiJIUzUxMiIsInR5cCI6IkpXVCJ9.eyJ1bmlxdWVfbmFtZSI6Im1oYWR5Lml0bWFuQHNhdGdyb3VwZS5jb20iLCJuYW1laWQiOiI3N2JiMmE5My00MWY4LTQ2YWYtYTZhYi02YTM0ZDk1ZDVkZTgiLCJlbWFpbCI6Im1oYWR5Lml0bWFuQHNhdGdyb3VwZS5jb20iLCJQYXJ0bmVySWQiOiIyNiIsIkRlZmF1bHRQYXJ0bmVySWQiOiIyNiIsIm5iZiI6MTc0NzY3NDM2OSwiZXhwIjoxNzQ4NzExMTY5LCJpYXQiOjE3NDc2NzQzNjl9.xzeS0rlebubn6SmygdZoKz33mxca177NSSd7eRz3zsBmucn1TRuwUXZG9Ah7tZOD5txq_ZSRmccGPRlh4-jNww
2025-05-21 13:18:52 SMS ( 0224 setparam) Response: 301, sms_state: )
2025-05-21 13:18:52 user authentication lunched /home/mhady/fmb-control-app
2025-05-21 13:18:59 user authentication failed!

--------------------

2025-05-21 13:23:36 Extracted Token: eyJhbGciOiJIUzUxMiIsInR5cCI6IkpXVCJ9.eyJ1bmlxdWVfbmFtZSI6Im1oYWR5Lml0bWFuQHNhdGdyb\
3VwZS5jb20iLCJuYW1laWQiOiI3N2JiMmE5My00MWY4LTQ2YWYtYTZhYi02YTM0ZDk1ZDVkZTgiLCJlbWFpbCI6Im1o\
YWR5Lml0bWFuQHNhdGdyb3VwZS5jb20iLCJQYXJ0bmVySWQiOiIyNiIsIkRlZmF1bHRQYXJ0bmVySWQiOiIyNiIsIm5i\
ZiI6MTc0NjQ1NjUwMSwiZXhwIjoxNzQ3NDkzMzAxLCJpYXQiOjE3NDY0NTY1MDF9.\
-_gf1OHsGVE5j7MhTcJk_XwIEDiAhlXueen-tJmflm9H-ghPcbJFkUk2i4BVr1HjPi-8afe5GcyW5cpdTtv3vgeyJhbGciOiJIUzUxMiIsInR5cCI6IkpXVCJ9.eyJ1bmlxdWVfbmFtZSI6Im1oYWR5Lml0bWFuQHNhdGdyb3VwZS5jb20iLCJuYW1laWQiOiI3N2JiMmE5My00MWY4LTQ2YWYtYTZhYi02YTM0ZDk1ZDVkZTgiLCJlbWFpbCI6Im1oYWR5Lml0bWFuQHNhdGdyb3VwZS5jb20iLCJQYXJ0bmVySWQiOiIyNiIsIkRlZmF1bHRQYXJ0bmVySWQiOiIyNiIsIm5iZiI6MTc0NzY3NDM2OSwiZXhwIjoxNzQ4NzExMTY5LCJpYXQiOjE3NDc2NzQzNjl9.xzeS0rlebubn6SmygdZoKz33mxca177NSSd7eRz3zsBmucn1TRuwUXZG9Ah7tZOD5txq_ZSRmccGPRlh4-jNww
eyJhbGciOiJIUzUxMiIsInR5cCI6IkpXVCJ9.eyJ1bmlxdWVfbmFtZSI6Im1oYWR5Lml0bWFuQHNhdGdyb3VwZS5jb20iLCJuYW1laWQiOiI3N2JiMmE5My00MWY4LTQ2YWYtYTZhYi02YTM0ZDk1ZDVkZTgiLCJlbWFpbCI6Im1oYWR5Lml0bWFuQHNhdGdyb3VwZS5jb20iLCJQYXJ0bmVySWQiOiIyNiIsIkRlZmF1bHRQYXJ0bmVySWQiOiIyNiIsIm5iZiI6MTc0NzY3NDM2OSwiZXhwIjoxNzQ4NzExMTY5LCJpYXQiOjE3NDc2NzQzNjl9.xzeS0rlebubn6SmygdZoKz33mxca177NSSd7eRz3zsBmucn1TRuwUXZG9Ah7tZOD5txq_ZSRmccGPRlh4-jNww
2025-05-21 13:23:37 SMS ( 0224 setparam) Response: 301, sms_state: )
2025-05-21 13:23:37 user authentication lunched /home/mhady/fmb-control-app
2025-05-21 13:23:43 user authenticated successfully!
2025-05-21 13:28:04 Extracted Token: eyJhbGciOiJIUzUxMiIsInR5cCI6IkpXVCJ9.eyJ1bmlxdWVfbmFtZSI6Im1oYWR5Lml0bWFuQHNhdGdyb\
3VwZS5jb20iLCJuYW1laWQiOiI3N2JiMmE5My00MWY4LTQ2YWYtYTZhYi02YTM0ZDk1ZDVkZTgiLCJlbWFpbCI6Im1o\
YWR5Lml0bWFuQHNhdGdyb3VwZS5jb20iLCJQYXJ0bmVySWQiOiIyNiIsIkRlZmF1bHRQYXJ0bmVySWQiOiIyNiIsIm5i\
ZiI6MTc0NjQ1NjUwMSwiZXhwIjoxNzQ3NDkzMzAxLCJpYXQiOjE3NDY0NTY1MDF9.\
-_gf1OHsGVE5j7MhTcJk_XwIEDiAhlXueen-tJmflm9H-ghPcbJFkUk2i4BVr1HjPi-8afe5GcyW5cpdTtv3vgeyJhbGciOiJIUzUxMiIsInR5cCI6IkpXVCJ9.eyJ1bmlxdWVfbmFtZSI6Im1oYWR5Lml0bWFuQHNhdGdyb3VwZS5jb20iLCJuYW1laWQiOiI3N2JiMmE5My00MWY4LTQ2YWYtYTZhYi02YTM0ZDk1ZDVkZTgiLCJlbWFpbCI6Im1oYWR5Lml0bWFuQHNhdGdyb3VwZS5jb20iLCJQYXJ0bmVySWQiOiIyNiIsIkRlZmF1bHRQYXJ0bmVySWQiOiIyNiIsIm5iZiI6MTc0NzY3NDM2OSwiZXhwIjoxNzQ4NzExMTY5LCJpYXQiOjE3NDc2NzQzNjl9.xzeS0rlebubn6SmygdZoKz33mxca177NSSd7eRz3zsBmucn1TRuwUXZG9Ah7tZOD5txq_ZSRmccGPRlh4-jNww
eyJhbGciOiJIUzUxMiIsInR5cCI6IkpXVCJ9.eyJ1bmlxdWVfbmFtZSI6Im1oYWR5Lml0bWFuQHNhdGdyb3VwZS5jb20iLCJuYW1laWQiOiI3N2JiMmE5My00MWY4LTQ2YWYtYTZhYi02YTM0ZDk1ZDVkZTgiLCJlbWFpbCI6Im1oYWR5Lml0bWFuQHNhdGdyb3VwZS5jb20iLCJQYXJ0bmVySWQiOiIyNiIsIkRlZmF1bHRQYXJ0bmVySWQiOiIyNiIsIm5iZiI6MTc0NzY3NDM2OSwiZXhwIjoxNzQ4NzExMTY5LCJpYXQiOjE3NDc2NzQzNjl9.xzeS0rlebubn6SmygdZoKz33mxca177NSSd7eRz3zsBmucn1TRuwUXZG9Ah7tZOD5txq_ZSRmccGPRlh4-jNww
eyJhbGciOiJIUzUxMiIsInR5cCI6IkpXVCJ9.eyJ1bmlxdWVfbmFtZSI6Im1oYWR5Lml0bWFuQHNhdGdyb3VwZS5jb20iLCJuYW1laWQiOiI3N2JiMmE5My00MWY4LTQ2YWYtYTZhYi02YTM0ZDk1ZDVkZTgiLCJlbWFpbCI6Im1oYWR5Lml0bWFuQHNhdGdyb3VwZS5jb20iLCJQYXJ0bmVySWQiOiIyNiIsIkRlZmF1bHRQYXJ0bmVySWQiOiIyNiIsIm5iZiI6MTc0NzY3NDM2OSwiZXhwIjoxNzQ4NzExMTY5LCJpYXQiOjE3NDc2NzQzNjl9.xzeS0rlebubn6SmygdZoKz33mxca177NSSd7eRz3zsBmucn1TRuwUXZG9Ah7tZOD5txq_ZSRmccGPRlh4-jNww
2025-05-21 13:28:09 SMS ( 0224 setparam) Response: 301, sms_state: )
2025-05-21 13:28:09 user authentication lunched /home/mhady/fmb-control-app
2025-05-21 13:28:16 user authentication status code! 200 
2025-05-21 13:28:16 user authenticated successfully!
2025-05-21 13:35:10 user authentication lunched /home/mhady/fmb-control-app
2025-05-21 13:35:11 user authentication status code! 200 
2025-05-21 13:35:11 user authenticated successfully!
2025-05-21 13:35:12 Response: 000, sms_state: )
2025-05-21 13:36:13 Response: 401, sms_state: )
2025-05-21 13:40:32 Response: 000, sms_state: )
----------------------------------------------

2025-05-21 13:55:19 Response: 401, sms_state: )
2025-05-21 13:59:31 Response: 000, sms_state: )
2025-05-21 14:20:49 Response: 401, sms_state: )
2025-05-21 14:38:06 Response: 000, sms_state: )
2025-05-21 14:40:32 Response: 401, sms_state: )
2025-05-21 14:47:32 Response: 000, sms_state: )
2025-05-21 14:48:54 Response: 401, sms_state: )
